android/app/build/intermediates/manifest_merge_blame_file/debug/manifest-merger-blame-debug-report.txt
1<?xml version="1.0" encoding="utf-8"?>
2<manifest xmlns:android="http://schemas.android.com/apk/res/android"
3    package="com.petapp"
4    android:versionCode="1"
5    android:versionName="1.0" >
6
7    <uses-sdk
8        android:minSdkVersion="21"
9        android:targetSdkVersion="30" />
10
11    <uses-permission android:name="android.permission.SYSTEM_ALERT_WINDOW" />
11-->src/debug/AndroidManifest.xml:5:5-77
11-->src/debug/AndroidManifest.xml:5:22-75
12    <uses-permission android:name="android.permission.INTERNET" />
12-->src/main/AndroidManifest.xml:4:5-67
12-->src/main/AndroidManifest.xml:4:22-64
13    <uses-permission android:name="android.permission.ACCESS_COARSE_LOCATION" />
13-->src/main/AndroidManifest.xml:5:1-77
13-->src/main/AndroidManifest.xml:5:18-74
14    <uses-permission android:name="android.permission.ACCESS_FINE_LOCATION" />
14-->src/main/AndroidManifest.xml:6:1-75
14-->src/main/AndroidManifest.xml:6:18-72
15    <uses-permission android:name="android.permission.ACCESS_WIFI_STATE" />
15-->[com.facebook.flipper:flipper:0.99.0] AndroidManifest.xml:16:5-76
15-->[com.facebook.flipper:flipper:0.99.0] AndroidManifest.xml:16:22-73
16
17    <queries>
17-->[:react-native-image-crop-picker] AndroidManifest.xml:9:5-13:15
18        <intent>
18-->[:react-native-image-crop-picker] AndroidManifest.xml:10:9-12:18
19            <action android:name="android.media.action.IMAGE_CAPTURE" />
19-->[:react-native-image-crop-picker] AndroidManifest.xml:11:13-73
19-->[:react-native-image-crop-picker] AndroidManifest.xml:11:21-70
20        </intent>
21        <!-- Needs to be explicitly declared on Android R+ -->
22        <package android:name="com.google.android.apps.maps" />
22-->[com.google.android.gms:play-services-maps:18.0.0] AndroidManifest.xml:33:9-64
22-->[com.google.android.gms:play-services-maps:18.0.0] AndroidManifest.xml:33:18-61
23    </queries>
24
25    <uses-permission android:name="android.permission.WRITE_EXTERNAL_STORAGE" />
25-->[:react-native-image-crop-picker] AndroidManifest.xml:15:5-81
25-->[:react-native-image-crop-picker] AndroidManifest.xml:15:22-78
26    <uses-permission android:name="android.permission.WAKE_LOCK" />
26-->[androidx.work:work-runtime:2.5.0] AndroidManifest.xml:25:5-68
26-->[androidx.work:work-runtime:2.5.0] AndroidManifest.xml:25:22-65
27    <uses-permission android:name="android.permission.ACCESS_NETWORK_STATE" />
27-->[androidx.work:work-runtime:2.5.0] AndroidManifest.xml:26:5-79
27-->[androidx.work:work-runtime:2.5.0] AndroidManifest.xml:26:22-76
28    <uses-permission android:name="android.permission.RECEIVE_BOOT_COMPLETED" />
28-->[androidx.work:work-runtime:2.5.0] AndroidManifest.xml:27:5-81
28-->[androidx.work:work-runtime:2.5.0] AndroidManifest.xml:27:22-78
29    <uses-permission android:name="android.permission.FOREGROUND_SERVICE" /> <!-- Required by older versions of Google Play services to create IID tokens -->
29-->[androidx.work:work-runtime:2.5.0] AndroidManifest.xml:28:5-77
29-->[androidx.work:work-runtime:2.5.0] AndroidManifest.xml:28:22-74
30    <uses-permission android:name="com.google.android.c2dm.permission.RECEIVE" />
30-->[com.google.android.gms:play-services-iid:17.0.0] AndroidManifest.xml:23:5-82
30-->[com.google.android.gms:play-services-iid:17.0.0] AndroidManifest.xml:23:22-79
31
32    <uses-feature
32-->[com.google.android.gms:play-services-maps:18.0.0] AndroidManifest.xml:26:5-28:35
33        android:glEsVersion="0x00020000"
33-->[com.google.android.gms:play-services-maps:18.0.0] AndroidManifest.xml:27:9-41
34        android:required="true" />
34-->[com.google.android.gms:play-services-maps:18.0.0] AndroidManifest.xml:28:9-32
35
36    <uses-permission android:name="com.google.android.finsky.permission.BIND_GET_INSTALL_REFERRER_SERVICE" />
36-->[com.android.installreferrer:installreferrer:1.1.2] AndroidManifest.xml:9:5-110
36-->[com.android.installreferrer:installreferrer:1.1.2] AndroidManifest.xml:9:22-107
37
38    <application
38-->src/main/AndroidManifest.xml:7:5-29:19
39        android:name="com.petapp.MainApplication"
39-->src/main/AndroidManifest.xml:8:7-38
40        android:allowBackup="false"
40-->src/main/AndroidManifest.xml:12:7-34
41        android:appComponentFactory="androidx.core.app.CoreComponentFactory"
41-->[androidx.core:core:1.5.0] AndroidManifest.xml:24:18-86
42        android:debuggable="true"
43        android:icon="@mipmap/ic_launcher"
43-->src/main/AndroidManifest.xml:10:7-41
44        android:label="@string/app_name"
44-->src/main/AndroidManifest.xml:9:7-39
45        android:roundIcon="@mipmap/ic_launcher_round"
45-->src/main/AndroidManifest.xml:11:7-52
46        android:theme="@style/AppTheme"
46-->src/main/AndroidManifest.xml:13:7-38
47        android:usesCleartextTraffic="true" >
47-->src/debug/AndroidManifest.xml:8:9-44
48        <activity android:name="com.facebook.react.devsupport.DevSettingsActivity" />
48-->src/debug/AndroidManifest.xml:11:9-86
48-->src/debug/AndroidManifest.xml:11:19-83
49
50        <meta-data
50-->src/main/AndroidManifest.xml:14:7-16:63
51            android:name="com.google.android.geo.API_KEY"
51-->src/main/AndroidManifest.xml:15:6-51
52            android:value="AIzaSyBI9VBeB92ytMPI-9RFzhDlvPRsGxuwiUc" />
52-->src/main/AndroidManifest.xml:16:6-61
53
54        <uses-library
54-->src/main/AndroidManifest.xml:17:6-84
55            android:name="org.apache.http.legacy"
55-->src/main/AndroidManifest.xml:17:20-57
56            android:required="false" />
56-->src/main/AndroidManifest.xml:17:58-82
57
58        <activity
58-->src/main/AndroidManifest.xml:18:7-28:18
59            android:name="com.petapp.MainActivity"
59-->src/main/AndroidManifest.xml:19:9-37
60            android:configChanges="keyboard|keyboardHidden|orientation|screenSize|uiMode"
60-->src/main/AndroidManifest.xml:21:9-86
61            android:label="@string/app_name"
61-->src/main/AndroidManifest.xml:20:9-41
62            android:launchMode="singleTask"
62-->src/main/AndroidManifest.xml:22:9-40
63            android:windowSoftInputMode="adjustResize" >
63-->src/main/AndroidManifest.xml:23:9-51
64            <intent-filter>
64-->src/main/AndroidManifest.xml:24:9-27:25
65                <action android:name="android.intent.action.MAIN" />
65-->src/main/AndroidManifest.xml:25:13-65
65-->src/main/AndroidManifest.xml:25:21-62
66
67                <category android:name="android.intent.category.LAUNCHER" />
67-->src/main/AndroidManifest.xml:26:13-73
67-->src/main/AndroidManifest.xml:26:23-70
68            </intent-filter>
69        </activity>
70
71        <provider
71-->[:react-native-image-crop-picker] AndroidManifest.xml:18:9-26:20
72            android:name="androidx.core.content.FileProvider"
72-->[:react-native-image-crop-picker] AndroidManifest.xml:19:13-62
73            android:authorities="com.petapp.provider"
73-->[:react-native-image-crop-picker] AndroidManifest.xml:20:13-60
74            android:exported="false"
74-->[:react-native-image-crop-picker] AndroidManifest.xml:21:13-37
75            android:grantUriPermissions="true" >
75-->[:react-native-image-crop-picker] AndroidManifest.xml:22:13-47
76            <meta-data
76-->[:react-native-image-crop-picker] AndroidManifest.xml:23:13-25:58
77                android:name="android.support.FILE_PROVIDER_PATHS"
77-->[:react-native-image-crop-picker] AndroidManifest.xml:24:17-67
78                android:resource="@xml/provider_paths" />
78-->[:react-native-image-crop-picker] AndroidManifest.xml:25:17-55
79        </provider>
80
81        <activity
81-->[:react-native-image-crop-picker] AndroidManifest.xml:28:9-30:72
82            android:name="com.yalantis.ucrop.UCropActivity"
82-->[:react-native-image-crop-picker] AndroidManifest.xml:29:13-60
83            android:theme="@style/Theme.AppCompat.Light.NoActionBar" />
83-->[:react-native-image-crop-picker] AndroidManifest.xml:30:13-69
84
85        <provider
85-->[:react-native-webview] AndroidManifest.xml:10:9-18:20
86            android:name="com.reactnativecommunity.webview.RNCWebViewFileProvider"
86-->[:react-native-webview] AndroidManifest.xml:11:13-83
87            android:authorities="com.petapp.fileprovider"
87-->[:react-native-webview] AndroidManifest.xml:12:13-64
88            android:exported="false"
88-->[:react-native-webview] AndroidManifest.xml:13:13-37
89            android:grantUriPermissions="true" >
89-->[:react-native-webview] AndroidManifest.xml:14:13-47
90            <meta-data
90-->[:react-native-image-crop-picker] AndroidManifest.xml:23:13-25:58
91                android:name="android.support.FILE_PROVIDER_PATHS"
91-->[:react-native-image-crop-picker] AndroidManifest.xml:24:17-67
92                android:resource="@xml/file_provider_paths" />
92-->[:react-native-image-crop-picker] AndroidManifest.xml:25:17-55
93        </provider>
94        <provider
94-->[androidx.work:work-runtime:2.5.0] AndroidManifest.xml:31:9-37:35
95            android:name="androidx.work.impl.WorkManagerInitializer"
95-->[androidx.work:work-runtime:2.5.0] AndroidManifest.xml:32:13-69
96            android:authorities="com.petapp.workmanager-init"
96-->[androidx.work:work-runtime:2.5.0] AndroidManifest.xml:33:13-68
97            android:directBootAware="false"
97-->[androidx.work:work-runtime:2.5.0] AndroidManifest.xml:34:13-44
98            android:exported="false"
98-->[androidx.work:work-runtime:2.5.0] AndroidManifest.xml:35:13-37
99            android:multiprocess="true" />
99-->[androidx.work:work-runtime:2.5.0] AndroidManifest.xml:36:13-40
100
101        <service
101-->[androidx.work:work-runtime:2.5.0] AndroidManifest.xml:39:9-44:35
102            android:name="androidx.work.impl.background.systemalarm.SystemAlarmService"
102-->[androidx.work:work-runtime:2.5.0] AndroidManifest.xml:40:13-88
103            android:directBootAware="false"
103-->[androidx.work:work-runtime:2.5.0] AndroidManifest.xml:41:13-44
104            android:enabled="@bool/enable_system_alarm_service_default"
104-->[androidx.work:work-runtime:2.5.0] AndroidManifest.xml:42:13-72
105            android:exported="false" />
105-->[androidx.work:work-runtime:2.5.0] AndroidManifest.xml:43:13-37
106        <service
106-->[androidx.work:work-runtime:2.5.0] AndroidManifest.xml:45:9-51:35
107            android:name="androidx.work.impl.background.systemjob.SystemJobService"
107-->[androidx.work:work-runtime:2.5.0] AndroidManifest.xml:46:13-84
108            android:directBootAware="false"
108-->[androidx.work:work-runtime:2.5.0] AndroidManifest.xml:47:13-44
109            android:enabled="@bool/enable_system_job_service_default"
109-->[androidx.work:work-runtime:2.5.0] AndroidManifest.xml:48:13-70
110            android:exported="true"
110-->[androidx.work:work-runtime:2.5.0] AndroidManifest.xml:49:13-36
111            android:permission="android.permission.BIND_JOB_SERVICE" />
111-->[androidx.work:work-runtime:2.5.0] AndroidManifest.xml:50:13-69
112        <service
112-->[androidx.work:work-runtime:2.5.0] AndroidManifest.xml:52:9-57:35
113            android:name="androidx.work.impl.foreground.SystemForegroundService"
113-->[androidx.work:work-runtime:2.5.0] AndroidManifest.xml:53:13-81
114            android:directBootAware="false"
114-->[androidx.work:work-runtime:2.5.0] AndroidManifest.xml:54:13-44
115            android:enabled="@bool/enable_system_foreground_service_default"
115-->[androidx.work:work-runtime:2.5.0] AndroidManifest.xml:55:13-77
116            android:exported="false" />
116-->[androidx.work:work-runtime:2.5.0] AndroidManifest.xml:56:13-37
117
118        <receiver
118-->[androidx.work:work-runtime:2.5.0] AndroidManifest.xml:59:9-64:35
119            android:name="androidx.work.impl.utils.ForceStopRunnable$BroadcastReceiver"
119-->[androidx.work:work-runtime:2.5.0] AndroidManifest.xml:60:13-88
120            android:directBootAware="false"
120-->[androidx.work:work-runtime:2.5.0] AndroidManifest.xml:61:13-44
121            android:enabled="true"
121-->[androidx.work:work-runtime:2.5.0] AndroidManifest.xml:62:13-35
122            android:exported="false" />
122-->[androidx.work:work-runtime:2.5.0] AndroidManifest.xml:63:13-37
123        <receiver
123-->[androidx.work:work-runtime:2.5.0] AndroidManifest.xml:65:9-75:20
124            android:name="androidx.work.impl.background.systemalarm.ConstraintProxy$BatteryChargingProxy"
124-->[androidx.work:work-runtime:2.5.0] AndroidManifest.xml:66:13-106
125            android:directBootAware="false"
125-->[androidx.work:work-runtime:2.5.0] AndroidManifest.xml:67:13-44
126            android:enabled="false"
126-->[androidx.work:work-runtime:2.5.0] AndroidManifest.xml:68:13-36
127            android:exported="false" >
127-->[androidx.work:work-runtime:2.5.0] AndroidManifest.xml:69:13-37
128            <intent-filter>
128-->[androidx.work:work-runtime:2.5.0] AndroidManifest.xml:71:13-74:29
129                <action android:name="android.intent.action.ACTION_POWER_CONNECTED" />
129-->[androidx.work:work-runtime:2.5.0] AndroidManifest.xml:72:17-87
129-->[androidx.work:work-runtime:2.5.0] AndroidManifest.xml:72:25-84
130                <action android:name="android.intent.action.ACTION_POWER_DISCONNECTED" />
130-->[androidx.work:work-runtime:2.5.0] AndroidManifest.xml:73:17-90
130-->[androidx.work:work-runtime:2.5.0] AndroidManifest.xml:73:25-87
131            </intent-filter>
132        </receiver>
133        <receiver
133-->[androidx.work:work-runtime:2.5.0] AndroidManifest.xml:76:9-86:20
134            android:name="androidx.work.impl.background.systemalarm.ConstraintProxy$BatteryNotLowProxy"
134-->[androidx.work:work-runtime:2.5.0] AndroidManifest.xml:77:13-104
135            android:directBootAware="false"
135-->[androidx.work:work-runtime:2.5.0] AndroidManifest.xml:78:13-44
136            android:enabled="false"
136-->[androidx.work:work-runtime:2.5.0] AndroidManifest.xml:79:13-36
137            android:exported="false" >
137-->[androidx.work:work-runtime:2.5.0] AndroidManifest.xml:80:13-37
138            <intent-filter>
138-->[androidx.work:work-runtime:2.5.0] AndroidManifest.xml:82:13-85:29
139                <action android:name="android.intent.action.BATTERY_OKAY" />
139-->[androidx.work:work-runtime:2.5.0] AndroidManifest.xml:83:17-77
139-->[androidx.work:work-runtime:2.5.0] AndroidManifest.xml:83:25-74
140                <action android:name="android.intent.action.BATTERY_LOW" />
140-->[androidx.work:work-runtime:2.5.0] AndroidManifest.xml:84:17-76
140-->[androidx.work:work-runtime:2.5.0] AndroidManifest.xml:84:25-73
141            </intent-filter>
142        </receiver>
143        <receiver
143-->[androidx.work:work-runtime:2.5.0] AndroidManifest.xml:87:9-97:20
144            android:name="androidx.work.impl.background.systemalarm.ConstraintProxy$StorageNotLowProxy"
144-->[androidx.work:work-runtime:2.5.0] AndroidManifest.xml:88:13-104
145            android:directBootAware="false"
145-->[androidx.work:work-runtime:2.5.0] AndroidManifest.xml:89:13-44
146            android:enabled="false"
146-->[androidx.work:work-runtime:2.5.0] AndroidManifest.xml:90:13-36
147            android:exported="false" >
147-->[androidx.work:work-runtime:2.5.0] AndroidManifest.xml:91:13-37
148            <intent-filter>
148-->[androidx.work:work-runtime:2.5.0] AndroidManifest.xml:93:13-96:29
149                <action android:name="android.intent.action.DEVICE_STORAGE_LOW" />
149-->[androidx.work:work-runtime:2.5.0] AndroidManifest.xml:94:17-83
149-->[androidx.work:work-runtime:2.5.0] AndroidManifest.xml:94:25-80
150                <action android:name="android.intent.action.DEVICE_STORAGE_OK" />
150-->[androidx.work:work-runtime:2.5.0] AndroidManifest.xml:95:17-82
150-->[androidx.work:work-runtime:2.5.0] AndroidManifest.xml:95:25-79
151            </intent-filter>
152        </receiver>
153        <receiver
153-->[androidx.work:work-runtime:2.5.0] AndroidManifest.xml:98:9-107:20
154            android:name="androidx.work.impl.background.systemalarm.ConstraintProxy$NetworkStateProxy"
154-->[androidx.work:work-runtime:2.5.0] AndroidManifest.xml:99:13-103
155            android:directBootAware="false"
155-->[androidx.work:work-runtime:2.5.0] AndroidManifest.xml:100:13-44
156            android:enabled="false"
156-->[androidx.work:work-runtime:2.5.0] AndroidManifest.xml:101:13-36
157            android:exported="false" >
157-->[androidx.work:work-runtime:2.5.0] AndroidManifest.xml:102:13-37
158            <intent-filter>
158-->[androidx.work:work-runtime:2.5.0] AndroidManifest.xml:104:13-106:29
159                <action android:name="android.net.conn.CONNECTIVITY_CHANGE" />
159-->[androidx.work:work-runtime:2.5.0] AndroidManifest.xml:105:17-79
159-->[androidx.work:work-runtime:2.5.0] AndroidManifest.xml:105:25-76
160            </intent-filter>
161        </receiver>
162        <receiver
162-->[androidx.work:work-runtime:2.5.0] AndroidManifest.xml:108:9-119:20
163            android:name="androidx.work.impl.background.systemalarm.RescheduleReceiver"
163-->[androidx.work:work-runtime:2.5.0] AndroidManifest.xml:109:13-88
164            android:directBootAware="false"
164-->[androidx.work:work-runtime:2.5.0] AndroidManifest.xml:110:13-44
165            android:enabled="false"
165-->[androidx.work:work-runtime:2.5.0] AndroidManifest.xml:111:13-36
166            android:exported="false" >
166-->[androidx.work:work-runtime:2.5.0] AndroidManifest.xml:112:13-37
167            <intent-filter>
167-->[androidx.work:work-runtime:2.5.0] AndroidManifest.xml:114:13-118:29
168                <action android:name="android.intent.action.BOOT_COMPLETED" />
168-->[androidx.work:work-runtime:2.5.0] AndroidManifest.xml:115:17-79
168-->[androidx.work:work-runtime:2.5.0] AndroidManifest.xml:115:25-76
169                <action android:name="android.intent.action.TIME_SET" />
169-->[androidx.work:work-runtime:2.5.0] AndroidManifest.xml:116:17-73
169-->[androidx.work:work-runtime:2.5.0] AndroidManifest.xml:116:25-70
170                <action android:name="android.intent.action.TIMEZONE_CHANGED" />
170-->[androidx.work:work-runtime:2.5.0] AndroidManifest.xml:117:17-81
170-->[androidx.work:work-runtime:2.5.0] AndroidManifest.xml:117:25-78
171            </intent-filter>
172        </receiver>
173        <receiver
173-->[androidx.work:work-runtime:2.5.0] AndroidManifest.xml:120:9-129:20
174            android:name="androidx.work.impl.background.systemalarm.ConstraintProxyUpdateReceiver"
174-->[androidx.work:work-runtime:2.5.0] AndroidManifest.xml:121:13-99
175            android:directBootAware="false"
175-->[androidx.work:work-runtime:2.5.0] AndroidManifest.xml:122:13-44
176            android:enabled="@bool/enable_system_alarm_service_default"
176-->[androidx.work:work-runtime:2.5.0] AndroidManifest.xml:123:13-72
177            android:exported="false" >
177-->[androidx.work:work-runtime:2.5.0] AndroidManifest.xml:124:13-37
178            <intent-filter>
178-->[androidx.work:work-runtime:2.5.0] AndroidManifest.xml:126:13-128:29
179                <action android:name="androidx.work.impl.background.systemalarm.UpdateProxies" />
179-->[androidx.work:work-runtime:2.5.0] AndroidManifest.xml:127:17-98
179-->[androidx.work:work-runtime:2.5.0] AndroidManifest.xml:127:25-95
180            </intent-filter>
181        </receiver>
182        <receiver
182-->[androidx.work:work-runtime:2.5.0] AndroidManifest.xml:130:9-140:20
183            android:name="androidx.work.impl.diagnostics.DiagnosticsReceiver"
183-->[androidx.work:work-runtime:2.5.0] AndroidManifest.xml:131:13-78
184            android:directBootAware="false"
184-->[androidx.work:work-runtime:2.5.0] AndroidManifest.xml:132:13-44
185            android:enabled="true"
185-->[androidx.work:work-runtime:2.5.0] AndroidManifest.xml:133:13-35
186            android:exported="true"
186-->[androidx.work:work-runtime:2.5.0] AndroidManifest.xml:134:13-36
187            android:permission="android.permission.DUMP" >
187-->[androidx.work:work-runtime:2.5.0] AndroidManifest.xml:135:13-57
188            <intent-filter>
188-->[androidx.work:work-runtime:2.5.0] AndroidManifest.xml:137:13-139:29
189                <action android:name="androidx.work.diagnostics.REQUEST_DIAGNOSTICS" />
189-->[androidx.work:work-runtime:2.5.0] AndroidManifest.xml:138:17-88
189-->[androidx.work:work-runtime:2.5.0] AndroidManifest.xml:138:25-85
190            </intent-filter>
191        </receiver>
192
193        <service
193-->[androidx.room:room-runtime:2.2.5] AndroidManifest.xml:25:9-28:40
194            android:name="androidx.room.MultiInstanceInvalidationService"
194-->[androidx.room:room-runtime:2.2.5] AndroidManifest.xml:26:13-74
195            android:directBootAware="true"
195-->[androidx.room:room-runtime:2.2.5] AndroidManifest.xml:27:13-43
196            android:exported="false" />
196-->[androidx.room:room-runtime:2.2.5] AndroidManifest.xml:28:13-37
197
198        <activity
198-->[com.google.android.gms:play-services-base:18.0.0] AndroidManifest.xml:20:9-22:45
199            android:name="com.google.android.gms.common.api.GoogleApiActivity"
199-->[com.google.android.gms:play-services-base:18.0.0] AndroidManifest.xml:20:19-85
200            android:exported="false"
200-->[com.google.android.gms:play-services-base:18.0.0] AndroidManifest.xml:22:19-43
201            android:theme="@android:style/Theme.Translucent.NoTitleBar" />
201-->[com.google.android.gms:play-services-base:18.0.0] AndroidManifest.xml:21:19-78
202
203        <meta-data
203-->[com.google.android.gms:play-services-basement:18.0.0] AndroidManifest.xml:21:9-23:69
204            android:name="com.google.android.gms.version"
204-->[com.google.android.gms:play-services-basement:18.0.0] AndroidManifest.xml:22:13-58
205            android:value="@integer/google_play_services_version" />
205-->[com.google.android.gms:play-services-basement:18.0.0] AndroidManifest.xml:23:13-66
206    </application>
207
208</manifest>